<?xml version="1.0" encoding="UTF-8"?>
<!-- Generated by org.testng.reporters.JUnitReportReporter -->
<testsuite hostname="MRIPF3K1AD8" failures="0" tests="1" name="tests.GETandPOSTexamples" time="1.713" errors="0" timestamp="2024-06-07T12:55:34 IST" skipped="0">
  <testcase classname="tests.GETandPOSTexamples" name="test_POST" time="1.713"/>
</testsuite> <!-- tests.GETandPOSTexamples -->
