<?xml version="1.0" encoding="UTF-8"?>
<!-- Generated by org.testng.reporters.JUnitReportReporter -->
<testsuite hostname="MRIPF3K1AD8" failures="0" tests="1" name="tests.testsExamples" time="3.194" errors="0" timestamp="2024-06-07T09:36:04 IST" skipped="0">
  <testcase classname="tests.testsExamples" name="test_2" time="3.194"/>
</testsuite> <!-- tests.testsExamples -->
